ERROR [main] portico.lrc: Error opening fed file from [file:/C:/Users/Łukasz/Desktop/Disk/8Semestr/Technologie%20internetowe%20i%20mobilne/workspace/LOTNISKO_HLA/lotnisko.fed]: C:\Users\Łukasz\Desktop\Disk\8Semestr\Technologie internetowe i mobilne\workspace\LOTNISKO_HLA\lotnisko.fed (The system cannot find the file specified)
org.portico.lrc.compat.JCouldNotOpenFED: Error opening fed file from [file:/C:/Users/Łukasz/Desktop/Disk/8Semestr/Technologie%20internetowe%20i%20mobilne/workspace/LOTNISKO_HLA/lotnisko.fed]: C:\Users\Łukasz\Desktop\Disk\8Semestr\Technologie internetowe i mobilne\workspace\LOTNISKO_HLA\lotnisko.fed (The system cannot find the file specified)
	at org.portico.utils.fom.FomParser.openStream(FomParser.java:131)
	at org.portico.utils.fom.FomParser.parseFom(FomParser.java:62)
	at org.portico.utils.fom.FomParser.parse(FomParser.java:159)
	at org.portico.lrc.services.federation.handlers.outgoing.CreateFederationHandler.process(CreateFederationHandler.java:65)
	at org.portico.utils.messaging.MessageSink.process(MessageSink.java:187)
	at org.portico.impl.hla13.Impl13Helper.processMessage(Impl13Helper.java:123)
	at org.portico.impl.hla13.Rti13Ambassador.processMessage(Rti13Ambassador.java:5822)
	at org.portico.impl.hla13.Rti13Ambassador.createFederationExecution(Rti13Ambassador.java:194)
	at pl.edu.wat.ekaczynski.federates.AbstractFederate.createFederation(AbstractFederate.java:37)
	at pl.edu.wat.ekaczynski.threading.FederateStarter.createFederation(FederateStarter.java:29)
	at pl.edu.wat.ekaczynski.Main.main(Main.java:24)
Caused by: java.io.FileNotFoundException: C:\Users\Łukasz\Desktop\Disk\8Semestr\Technologie internetowe i mobilne\workspace\LOTNISKO_HLA\lotnisko.fed (The system cannot find the file specified)
	at java.io.FileInputStream.open(Native Method)
	at java.io.FileInputStream.<init>(FileInputStream.java:146)
	at java.io.FileInputStream.<init>(FileInputStream.java:101)
	at sun.net.www.protocol.file.FileURLConnection.connect(FileURLConnection.java:90)
	at sun.net.www.protocol.file.FileURLConnection.getInputStream(FileURLConnection.java:188)
	at java.net.URL.openStream(URL.java:1037)
	at org.portico.utils.fom.FomParser.openStream(FomParser.java:127)
	... 10 more
ERROR [Thread-1] portico.lrc: federation doesn't exist: LOTNISKO
org.portico.lrc.compat.JFederationExecutionDoesNotExist: federation doesn't exist: LOTNISKO
	at org.portico.bindings.jgroups.channel.FederationChannel.joinFederation(FederationChannel.java:306)
	at org.portico.bindings.jgroups.JGroupsConnection.joinFederation(JGroupsConnection.java:255)
	at org.portico.lrc.services.federation.handlers.outgoing.JoinFederationHandler.process(JoinFederationHandler.java:105)
	at org.portico.utils.messaging.MessageSink.process(MessageSink.java:187)
	at org.portico.impl.hla13.Impl13Helper.processMessage(Impl13Helper.java:123)
	at org.portico.impl.hla13.Rti13Ambassador.processMessage(Rti13Ambassador.java:5822)
	at org.portico.impl.hla13.Rti13Ambassador.joinFederationExecution(Rti13Ambassador.java:321)
	at pl.edu.wat.ekaczynski.federates.AbstractFederate.runFederate(AbstractFederate.java:51)
	at pl.edu.wat.ekaczynski.threading.FederateStarter.run(FederateStarter.java:24)
ERROR [Thread-3] portico.lrc: federation doesn't exist: LOTNISKO
org.portico.lrc.compat.JFederationExecutionDoesNotExist: federation doesn't exist: LOTNISKO
	at org.portico.bindings.jgroups.channel.FederationChannel.joinFederation(FederationChannel.java:306)
	at org.portico.bindings.jgroups.JGroupsConnection.joinFederation(JGroupsConnection.java:255)
	at org.portico.lrc.services.federation.handlers.outgoing.JoinFederationHandler.process(JoinFederationHandler.java:105)
	at org.portico.utils.messaging.MessageSink.process(MessageSink.java:187)
	at org.portico.impl.hla13.Impl13Helper.processMessage(Impl13Helper.java:123)
	at org.portico.impl.hla13.Rti13Ambassador.processMessage(Rti13Ambassador.java:5822)
	at org.portico.impl.hla13.Rti13Ambassador.joinFederationExecution(Rti13Ambassador.java:321)
	at pl.edu.wat.ekaczynski.federates.AbstractFederate.runFederate(AbstractFederate.java:51)
	at pl.edu.wat.ekaczynski.threading.FederateStarter.run(FederateStarter.java:24)
ERROR [Thread-0] portico.lrc: federation doesn't exist: LOTNISKO
org.portico.lrc.compat.JFederationExecutionDoesNotExist: federation doesn't exist: LOTNISKO
	at org.portico.bindings.jgroups.channel.FederationChannel.joinFederation(FederationChannel.java:306)
	at org.portico.bindings.jgroups.JGroupsConnection.joinFederation(JGroupsConnection.java:255)
	at org.portico.lrc.services.federation.handlers.outgoing.JoinFederationHandler.process(JoinFederationHandler.java:105)
	at org.portico.utils.messaging.MessageSink.process(MessageSink.java:187)
	at org.portico.impl.hla13.Impl13Helper.processMessage(Impl13Helper.java:123)
	at org.portico.impl.hla13.Rti13Ambassador.processMessage(Rti13Ambassador.java:5822)
	at org.portico.impl.hla13.Rti13Ambassador.joinFederationExecution(Rti13Ambassador.java:321)
	at pl.edu.wat.ekaczynski.federates.AbstractFederate.runFederate(AbstractFederate.java:51)
	at pl.edu.wat.ekaczynski.threading.FederateStarter.run(FederateStarter.java:24)
ERROR [Thread-2] portico.lrc: federation doesn't exist: LOTNISKO
org.portico.lrc.compat.JFederationExecutionDoesNotExist: federation doesn't exist: LOTNISKO
	at org.portico.bindings.jgroups.channel.FederationChannel.joinFederation(FederationChannel.java:306)
	at org.portico.bindings.jgroups.JGroupsConnection.joinFederation(JGroupsConnection.java:255)
	at org.portico.lrc.services.federation.handlers.outgoing.JoinFederationHandler.process(JoinFederationHandler.java:105)
	at org.portico.utils.messaging.MessageSink.process(MessageSink.java:187)
	at org.portico.impl.hla13.Impl13Helper.processMessage(Impl13Helper.java:123)
	at org.portico.impl.hla13.Rti13Ambassador.processMessage(Rti13Ambassador.java:5822)
	at org.portico.impl.hla13.Rti13Ambassador.joinFederationExecution(Rti13Ambassador.java:321)
	at pl.edu.wat.ekaczynski.federates.AbstractFederate.runFederate(AbstractFederate.java:51)
	at pl.edu.wat.ekaczynski.threading.FederateStarter.run(FederateStarter.java:24)
